<?xml version="1.0" encoding="UTF-8"?>
<testng-results ignored="0" total="1" passed="1" failed="0" skipped="0">
  <reporter-output>
  </reporter-output>
  <suite started-at="2020-07-01T16:29:51 IST" name="Suite" finished-at="2020-07-01T16:30:23 IST" duration-ms="31943">
    <groups>
    </groups>
    <test started-at="2020-07-01T16:29:51 IST" name="Test" finished-at="2020-07-01T16:30:23 IST" duration-ms="31943">
      <class name="TestCases.verifyLogin_PageFactory">
        <test-method is-config="true" signature="testSetReport()[pri:0, instance:TestCases.verifyLogin_PageFactory@574b560f]" started-at="2020-07-01T16:29:50 IST" name="testSetReport" finished-at="2020-07-01T16:29:51 IST" duration-ms="348" status="PASS">
          <reporter-output>
          </reporter-output>
        </test-method> <!-- testSetReport -->
        <test-method is-config="true" signature="testOpenBrowser(java.lang.String)[pri:0, instance:TestCases.verifyLogin_PageFactory@574b560f]" started-at="2020-07-01T16:29:51 IST" name="testOpenBrowser" finished-at="2020-07-01T16:30:06 IST" duration-ms="15124" status="PASS">
          <params>
            <param index="0">
              <value>
                <![CDATA[firefox]]>
              </value>
            </param>
          </params>
          <reporter-output>
          </reporter-output>
        </test-method> <!-- testOpenBrowser -->
        <test-method signature="testLogin()[pri:0, instance:TestCases.verifyLogin_PageFactory@574b560f]" started-at="2020-07-01T16:30:06 IST" name="testLogin" finished-at="2020-07-01T16:30:15 IST" duration-ms="9365" status="PASS">
          <reporter-output>
          </reporter-output>
        </test-method> <!-- testLogin -->
        <test-method is-config="true" signature="testSetSaveReport(org.testng.ITestResult)[pri:0, instance:TestCases.verifyLogin_PageFactory@574b560f]" started-at="2020-07-01T16:30:15 IST" name="testSetSaveReport" finished-at="2020-07-01T16:30:16 IST" duration-ms="840" status="PASS">
          <params>
            <param index="0">
              <value>
                <![CDATA[[TestResult name=testLogin status=SUCCESS method=verifyLogin_PageFactory.testLogin()[pri:0, instance:TestCases.verifyLogin_PageFactory@574b560f] output={null}]]]>
              </value>
            </param>
          </params>
          <reporter-output>
          </reporter-output>
        </test-method> <!-- testSetSaveReport -->
        <test-method is-config="true" signature="testCloseBrowser()[pri:0, instance:TestCases.verifyLogin_PageFactory@574b560f]" started-at="2020-07-01T16:30:16 IST" name="testCloseBrowser" finished-at="2020-07-01T16:30:23 IST" duration-ms="6557" status="PASS">
          <reporter-output>
          </reporter-output>
        </test-method> <!-- testCloseBrowser -->
      </class> <!-- TestCases.verifyLogin_PageFactory -->
    </test> <!-- Test -->
  </suite> <!-- Suite -->
</testng-results>
