<?xml version="1.0" encoding="UTF-8"?>
<testng-results ignored="0" total="1" passed="1" failed="0" skipped="0">
  <reporter-output>
  </reporter-output>
  <suite started-at="2020-07-01T17:06:36 IST" name="Suite" finished-at="2020-07-01T17:08:05 IST" duration-ms="89032">
    <groups>
    </groups>
    <test started-at="2020-07-01T17:06:36 IST" name="Test" finished-at="2020-07-01T17:08:05 IST" duration-ms="89032">
      <class name="TestCases.verifyLogin_PageFactory">
        <test-method is-config="true" signature="testSetReport()[pri:0, instance:TestCases.verifyLogin_PageFactory@30c15d8b]" started-at="2020-07-01T17:06:35 IST" name="testSetReport" finished-at="2020-07-01T17:06:36 IST" duration-ms="467" status="PASS">
          <reporter-output>
          </reporter-output>
        </test-method> <!-- testSetReport -->
        <test-method is-config="true" signature="testOpenBrowser(java.lang.String)[pri:0, instance:TestCases.verifyLogin_PageFactory@30c15d8b]" started-at="2020-07-01T17:06:36 IST" name="testOpenBrowser" finished-at="2020-07-01T17:07:31 IST" duration-ms="55417" status="PASS">
          <params>
            <param index="0">
              <value>
                <![CDATA[firefox]]>
              </value>
            </param>
          </params>
          <reporter-output>
          </reporter-output>
        </test-method> <!-- testOpenBrowser -->
        <test-method signature="testLogin()[pri:0, instance:TestCases.verifyLogin_PageFactory@30c15d8b]" started-at="2020-07-01T17:07:31 IST" name="testLogin" finished-at="2020-07-01T17:07:48 IST" duration-ms="17072" status="PASS">
          <reporter-output>
          </reporter-output>
        </test-method> <!-- testLogin -->
        <test-method is-config="true" signature="testSetSaveReport(org.testng.ITestResult)[pri:0, instance:TestCases.verifyLogin_PageFactory@30c15d8b]" started-at="2020-07-01T17:07:49 IST" name="testSetSaveReport" finished-at="2020-07-01T17:07:50 IST" duration-ms="1260" status="PASS">
          <params>
            <param index="0">
              <value>
                <![CDATA[[TestResult name=testLogin status=SUCCESS method=verifyLogin_PageFactory.testLogin()[pri:0, instance:TestCases.verifyLogin_PageFactory@30c15d8b] output={null}]]]>
              </value>
            </param>
          </params>
          <reporter-output>
          </reporter-output>
        </test-method> <!-- testSetSaveReport -->
        <test-method is-config="true" signature="testCloseBrowser()[pri:0, instance:TestCases.verifyLogin_PageFactory@30c15d8b]" started-at="2020-07-01T17:07:50 IST" name="testCloseBrowser" finished-at="2020-07-01T17:08:05 IST" duration-ms="15202" status="PASS">
          <reporter-output>
          </reporter-output>
        </test-method> <!-- testCloseBrowser -->
      </class> <!-- TestCases.verifyLogin_PageFactory -->
    </test> <!-- Test -->
  </suite> <!-- Suite -->
</testng-results>
